<?xml version="1.0" encoding="UTF-8"?>
<!-- Generated by org.testng.reporters.JUnitReportReporter -->
<testsuite hostname="LAPTOP-RBCFUCTK" name="cucumberOptions.TestRunner" tests="5" failures="0" timestamp="19 Apr 2020 19:02:05 GMT" time="204.676" errors="0">
  <testcase name="feature" time="37.335" classname="cucumberOptions.TestRunner"/>
  <testcase name="feature" time="18.100" classname="cucumberOptions.TestRunner"/>
  <testcase name="feature" time="52.959" classname="cucumberOptions.TestRunner"/>
  <testcase name="feature" time="25.453" classname="cucumberOptions.TestRunner"/>
  <testcase name="feature" time="70.829" classname="cucumberOptions.TestRunner"/>
</testsuite> <!-- cucumberOptions.TestRunner -->
